Base path: C:/Program Files (x86)/Unity/Editor/Data
Pipe name: \\.\pipe\UnityShaderCompiler-3-13200
Cmd: getPlatforms
Cmd: compileSnippet
  api=8 type=0 insize=898 outsize=1690 kw= ok=1
Cmd: compileSnippet
  api=0 type=0 insize=1381 outsize=441 kw= ok=1
Cmd: compileSnippet
  api=8 type=1 insize=1381 outsize=2600 kw= ok=1
Cmd: compileSnippet
  api=8 type=0 insize=2154 outsize=2958 kw= ok=1
Cmd: compileSnippet
  api=8 type=0 insize=2219 outsize=2958 kw= ok=1
Cmd: compileSnippet
  api=8 type=1 insize=1852 outsize=2032 kw= ok=1
Cmd: compileSnippet
  api=1 type=0 insize=2137 outsize=425 kw= ok=1
Cmd: compileSnippet
  api=0 type=0 insize=1237 outsize=441 kw= ok=1
Cmd: compileSnippet
  api=1 type=0 insize=2284 outsize=425 kw= ok=1
Cmd: compileSnippet
  api=1 type=0 insize=882 outsize=158 kw= ok=1
Cmd: compileSnippet
  api=0 type=0 insize=1051 outsize=360 kw= ok=1
Cmd: compileSnippet
  api=0 type=1 insize=1917 outsize=709 kw= ok=1
Unhandled exception: Readfile from pipe failed. GLE=Die Pipe wurde beendet.


Quitting shader compiler process
